<?xml version="1.0" encoding="UTF-8"?>
<!-- Generated by org.testng.reporters.JUnitXMLReporter -->
<testsuite ignored="1" hostname="DESKTOP-VRBAL0D" failures="0" tests="1" name="Default test" time="21.386" errors="0" timestamp="2023-02-11T16:59:00 IST">
  <testcase classname="com.lti.testcases.LoginPageTest" name="validateLoginTest" time="2.401"/>
  <testcase classname="com.lti.testcases.LoginPageTest" name="validateTitleTest" time="0.0">
    <ignored/>
  </testcase> <!-- validateTitleTest -->
</testsuite> <!-- Default test -->
