<?xml version="1.0" encoding="UTF-8"?>
<!-- Generated by org.testng.reporters.JUnitXMLReporter -->
<testsuite ignored="0" hostname="DESKTOP-VRBAL0D" failures="1" tests="2" name="Test" time="31.99" errors="0" timestamp="2023-02-11T17:55:41 IST">
  <testcase classname="com.lti.testcases.LoginPageTest" name="validateLoginTest" time="0.019">
    <failure type="java.lang.NullPointerException">
      <![CDATA[java.lang.NullPointerException
at org.openqa.selenium.support.pagefactory.DefaultElementLocator.findElement(DefaultElementLocator.java:70)
at org.openqa.selenium.support.pagefactory.internal.LocatingElementHandler.invoke(LocatingElementHandler.java:39)
at com.sun.proxy.$Proxy15.sendKeys(Unknown Source)
at com.lti.pages.LoginPage.login(LoginPage.java:30)
at com.lti.testcases.LoginPageTest.validateLoginTest(LoginPageTest.java:44)
at java.base/java.util.ArrayList.forEach(ArrayList.java:1541)
... Removed 27 stack frames]]>
    </failure>
  </testcase> <!-- validateLoginTest -->
  <testcase classname="com.lti.testcases.LoginPageTest" name="validateTitleTest" time="0.016"/>
</testsuite> <!-- Test -->
