<?xml version="1.0" encoding="UTF-8"?>
<testng-results ignored="0" total="2" passed="1" failed="1" skipped="0">
  <reporter-output>
  </reporter-output>
  <suite started-at="2023-02-11T17:55:09 IST" name="Suite" finished-at="2023-02-11T17:55:41 IST" duration-ms="31990">
    <groups>
    </groups>
    <test started-at="2023-02-11T17:55:09 IST" name="Test" finished-at="2023-02-11T17:55:41 IST" duration-ms="31990">
      <class name="com.lti.testcases.LoginPageTest">
        <test-method is-config="true" signature="reportConfiguration()[pri:0, instance:com.lti.testcases.LoginPageTest@6d60fe40]" started-at="2023-02-11T17:55:09 IST" name="reportConfiguration" finished-at="2023-02-11T17:55:10 IST" duration-ms="582" status="PASS">
          <reporter-output>
          </reporter-output>
        </test-method> <!-- reportConfiguration -->
        <test-method is-config="true" signature="browserSetup()[pri:0, instance:com.lti.testcases.LoginPageTest@6d60fe40]" started-at="2023-02-11T17:55:10 IST" name="browserSetup" finished-at="2023-02-11T17:55:29 IST" duration-ms="19023" status="PASS">
          <reporter-output>
          </reporter-output>
        </test-method> <!-- browserSetup -->
        <test-method signature="validateLoginTest()[pri:0, instance:com.lti.testcases.LoginPageTest@6d60fe40]" started-at="2023-02-11T17:55:29 IST" name="validateLoginTest" finished-at="2023-02-11T17:55:29 IST" duration-ms="19" status="FAIL">
          <exception class="java.lang.NullPointerException">
            <full-stacktrace>
              <![CDATA[java.lang.NullPointerException
at org.openqa.selenium.support.pagefactory.DefaultElementLocator.findElement(DefaultElementLocator.java:70)
at org.openqa.selenium.support.pagefactory.internal.LocatingElementHandler.invoke(LocatingElementHandler.java:39)
at com.sun.proxy.$Proxy15.sendKeys(Unknown Source)
at com.lti.pages.LoginPage.login(LoginPage.java:30)
at com.lti.testcases.LoginPageTest.validateLoginTest(LoginPageTest.java:44)
at java.base/jdk.internal.reflect.NativeMethodAccessorImpl.invoke0(Native Method)
at java.base/jdk.internal.reflect.NativeMethodAccessorImpl.invoke(NativeMethodAccessorImpl.java:62)
at java.base/jdk.internal.reflect.DelegatingMethodAccessorImpl.invoke(DelegatingMethodAccessorImpl.java:43)
at java.base/java.lang.reflect.Method.invoke(Method.java:566)
at org.testng.internal.invokers.MethodInvocationHelper.invokeMethod(MethodInvocationHelper.java:139)
at org.testng.internal.invokers.TestInvoker.invokeMethod(TestInvoker.java:677)
at org.testng.internal.invokers.TestInvoker.invokeTestMethod(TestInvoker.java:221)
at org.testng.internal.invokers.MethodRunner.runInSequence(MethodRunner.java:50)
at org.testng.internal.invokers.TestInvoker$MethodInvocationAgent.invoke(TestInvoker.java:969)
at org.testng.internal.invokers.TestInvoker.invokeTestMethods(TestInvoker.java:194)
at org.testng.internal.invokers.TestMethodWorker.invokeTestMethods(TestMethodWorker.java:148)
at org.testng.internal.invokers.TestMethodWorker.run(TestMethodWorker.java:128)
at java.base/java.util.ArrayList.forEach(ArrayList.java:1541)
at org.testng.TestRunner.privateRun(TestRunner.java:829)
at org.testng.TestRunner.run(TestRunner.java:602)
at org.testng.SuiteRunner.runTest(SuiteRunner.java:437)
at org.testng.SuiteRunner.runSequentially(SuiteRunner.java:431)
at org.testng.SuiteRunner.privateRun(SuiteRunner.java:391)
at org.testng.SuiteRunner.run(SuiteRunner.java:330)
at org.testng.SuiteRunnerWorker.runSuite(SuiteRunnerWorker.java:52)
at org.testng.SuiteRunnerWorker.run(SuiteRunnerWorker.java:95)
at org.testng.TestNG.runSuitesSequentially(TestNG.java:1256)
at org.testng.TestNG.runSuitesLocally(TestNG.java:1176)
at org.testng.TestNG.runSuites(TestNG.java:1099)
at org.testng.TestNG.run(TestNG.java:1067)
at org.testng.remote.AbstractRemoteTestNG.run(AbstractRemoteTestNG.java:115)
at org.testng.remote.RemoteTestNG.initAndRun(RemoteTestNG.java:251)
at org.testng.remote.RemoteTestNG.main(RemoteTestNG.java:77)
]]>
            </full-stacktrace>
          </exception> <!-- java.lang.NullPointerException -->
          <reporter-output>
          </reporter-output>
        </test-method> <!-- validateLoginTest -->
        <test-method is-config="true" signature="closeSetup()[pri:0, instance:com.lti.testcases.LoginPageTest@6d60fe40]" started-at="2023-02-11T17:55:29 IST" name="closeSetup" finished-at="2023-02-11T17:55:30 IST" duration-ms="832" status="PASS">
          <reporter-output>
          </reporter-output>
        </test-method> <!-- closeSetup -->
        <test-method is-config="true" signature="browserSetup()[pri:0, instance:com.lti.testcases.LoginPageTest@6d60fe40]" started-at="2023-02-11T17:55:30 IST" name="browserSetup" finished-at="2023-02-11T17:55:40 IST" duration-ms="9907" status="PASS">
          <reporter-output>
          </reporter-output>
        </test-method> <!-- browserSetup -->
        <test-method signature="validateTitleTest()[pri:0, instance:com.lti.testcases.LoginPageTest@6d60fe40]" started-at="2023-02-11T17:55:40 IST" name="validateTitleTest" finished-at="2023-02-11T17:55:40 IST" duration-ms="16" status="PASS">
          <reporter-output>
          </reporter-output>
        </test-method> <!-- validateTitleTest -->
        <test-method is-config="true" signature="closeSetup()[pri:0, instance:com.lti.testcases.LoginPageTest@6d60fe40]" started-at="2023-02-11T17:55:40 IST" name="closeSetup" finished-at="2023-02-11T17:55:40 IST" duration-ms="778" status="PASS">
          <reporter-output>
          </reporter-output>
        </test-method> <!-- closeSetup -->
        <test-method is-config="true" signature="publishReport()[pri:0, instance:com.lti.testcases.LoginPageTest@6d60fe40]" started-at="2023-02-11T17:55:40 IST" name="publishReport" finished-at="2023-02-11T17:55:41 IST" duration-ms="765" status="PASS">
          <reporter-output>
          </reporter-output>
        </test-method> <!-- publishReport -->
      </class> <!-- com.lti.testcases.LoginPageTest -->
    </test> <!-- Test -->
  </suite> <!-- Suite -->
</testng-results>
